#
# There is insufficient memory for the Java Runtime Environment to continue.
# Native memory allocation (malloc) failed to allocate 131088 bytes for Chunk::new
# Possible reasons:
#   The system is out of physical RAM or swap space
#   The process is running with CompressedOops enabled, and the Java Heap may be blocking the growth of the native heap
# Possible solutions:
#   Reduce memory load on the system
#   Increase physical memory or swap space
#   Check if swap backing store is full
#   Decrease Java heap size (-Xmx/-Xms)
#   Decrease number of Java threads
#   Decrease Java thread stack sizes (-Xss)
#   Set larger code cache with -XX:ReservedCodeCacheSize=
#   JVM is running with Unscaled Compressed Oops mode in which the Java heap is
#     placed in the first 4GB address space. The Java Heap base address is the
#     maximum limit for the native heap growth. Please use -XX:HeapBaseMinAddress
#     to set the Java Heap base and to place the Java Heap above 4GB virtual address.
# This output file may be truncated or incomplete.
#
#  Out of Memory Error (arena.cpp:184), pid=22860, tid=1076
#
# JRE version: Java(TM) SE Runtime Environment (20.0+36) (build 20+36-2344)
# Java VM: Java HotSpot(TM) 64-Bit Server VM (20+36-2344, mixed mode, sharing, tiered, compressed oops, compressed class ptrs, g1 gc, windows-amd64)
# No core dump will be written. Minidumps are not enabled by default on client versions of Windows
#

---------------  S U M M A R Y ------------

Command Line: -javaagent:C:\Program Files\JetBrains\IntelliJ IDEA Community Edition 2022.3.3\lib\idea_rt.jar=62714:C:\Program Files\JetBrains\IntelliJ IDEA Community Edition 2022.3.3\bin -Dfile.encoding=UTF-8 -Dsun.stdout.encoding=UTF-8 -Dsun.stderr.encoding=UTF-8 server.WebApp

Host: Intel(R) Core(TM) i5-8265U CPU @ 1.60GHz, 8 cores, 7G,  Windows 11 , 64 bit Build 22621 (10.0.22621.1485)
Time: Fri May 26 09:20:09 2023 GTB Daylight Time elapsed time: 182.582894 seconds (0d 0h 3m 2s)

---------------  T H R E A D  ---------------

Current thread (0x000002099e939d30):  JavaThread "C2 CompilerThread0" daemon [_thread_in_native, id=1076, stack(0x00000045dd500000,0x00000045dd600000)]


Current CompileTask:
C2: 182582 5941       4       java.util.Properties::enumerateStringProperties (97 bytes)

Stack: [0x00000045dd500000,0x00000045dd600000]
Native frames: (J=compiled Java code, j=interpreted, Vv=VM code, C=native code)
V  [jvm.dll+0x6bb95a]
V  [jvm.dll+0x8483aa]
V  [jvm.dll+0x849fa5]
V  [jvm.dll+0x84a6a3]
V  [jvm.dll+0x280b0f]
V  [jvm.dll+0xc2b11]
V  [jvm.dll+0xc2e35]
V  [jvm.dll+0xc2c34]
V  [jvm.dll+0x6e022f]
V  [jvm.dll+0x396dcb]
V  [jvm.dll+0x39484e]
V  [jvm.dll+0x1d2131]
V  [jvm.dll+0x2f4fec]
V  [jvm.dll+0x6d3c22]
V  [jvm.dll+0x6cbca6]
V  [jvm.dll+0x6cb2f1]
V  [jvm.dll+0x6c94f4]
V  [jvm.dll+0x1d169c]
V  [jvm.dll+0x1d222b]
V  [jvm.dll+0x2f4fec]
V  [jvm.dll+0x6d3c22]
V  [jvm.dll+0x6cbca6]
V  [jvm.dll+0x6cb2f1]
V  [jvm.dll+0x6c94f4]
V  [jvm.dll+0x1d169c]
V  [jvm.dll+0x1d222b]
V  [jvm.dll+0x1d222b]
V  [jvm.dll+0x2f4fec]
V  [jvm.dll+0x6d3c22]
V  [jvm.dll+0x6cbca6]
V  [jvm.dll+0x6cb2f1]
V  [jvm.dll+0x6c94f4]
V  [jvm.dll+0x1d169c]
V  [jvm.dll+0x24a203]
V  [jvm.dll+0x1ce491]
V  [jvm.dll+0x259e1b]
V  [jvm.dll+0x2584f0]
V  [jvm.dll+0x3f2895]
V  [jvm.dll+0x7f4906]
V  [jvm.dll+0x6ba5cb]
C  [ucrtbase.dll+0x29363]
C  [KERNEL32.DLL+0x1269d]
C  [ntdll.dll+0x5a9f8]


---------------  P R O C E S S  ---------------

Threads class SMR info:
_java_thread_list=0x00000209a382f120, length=30, elements={
0x000002099e92cf30, 0x000002099e92d910, 0x000002099e930d80, 0x000002099e9316c0,
0x000002099e933010, 0x000002099e933a80, 0x000002099e939d30, 0x000002099e93fad0,
0x000002099e8faed0, 0x00000209a31b1a30, 0x00000209a2fdaf70, 0x00000209a4028ed0,
0x00000209a4029ec0, 0x00000209a402a410, 0x00000209a541dbd0, 0x00000209a5420ba0,
0x00000209a541ebc0, 0x00000209a541f660, 0x00000209a54250b0, 0x00000209a54210f0,
0x00000209a5422b80, 0x00000209a54230d0, 0x00000209a5423620, 0x00000209a5424b60,
0x00000209a54240c0, 0x00000209a5423b70, 0x00000209a5421640, 0x00000209a5420650,
0x00000209a541fbb0, 0x00000209a5420100
}

Java Threads: ( => current thread )
  0x000002099e92cf30 JavaThread "Reference Handler" daemon [_thread_blocked, id=27348, stack(0x00000045dcf00000,0x00000045dd000000)]
  0x000002099e92d910 JavaThread "Finalizer" daemon [_thread_blocked, id=19336, stack(0x00000045dd000000,0x00000045dd100000)]
  0x000002099e930d80 JavaThread "Signal Dispatcher" daemon [_thread_blocked, id=19748, stack(0x00000045dd100000,0x00000045dd200000)]
  0x000002099e9316c0 JavaThread "Attach Listener" daemon [_thread_blocked, id=6308, stack(0x00000045dd200000,0x00000045dd300000)]
  0x000002099e933010 JavaThread "Service Thread" daemon [_thread_blocked, id=16060, stack(0x00000045dd300000,0x00000045dd400000)]
  0x000002099e933a80 JavaThread "Monitor Deflation Thread" daemon [_thread_blocked, id=6244, stack(0x00000045dd400000,0x00000045dd500000)]
=>0x000002099e939d30 JavaThread "C2 CompilerThread0" daemon [_thread_in_native, id=1076, stack(0x00000045dd500000,0x00000045dd600000)]
  0x000002099e93fad0 JavaThread "C1 CompilerThread0" daemon [_thread_blocked, id=8704, stack(0x00000045dd600000,0x00000045dd700000)]
  0x000002099e8faed0 JavaThread "Common-Cleaner" daemon [_thread_blocked, id=30756, stack(0x00000045dd700000,0x00000045dd800000)]
  0x00000209a31b1a30 JavaThread "Monitor Ctrl-Break" daemon [_thread_in_native, id=13676, stack(0x00000045dd900000,0x00000045dda00000)]
  0x00000209a2fdaf70 JavaThread "Notification Thread" daemon [_thread_blocked, id=14216, stack(0x00000045dda00000,0x00000045ddb00000)]
  0x00000209a4028ed0 JavaThread "Catalina-utility-1" [_thread_blocked, id=29392, stack(0x00000045de500000,0x00000045de600000)]
  0x00000209a4029ec0 JavaThread "Catalina-utility-2" [_thread_blocked, id=18260, stack(0x00000045de600000,0x00000045de700000)]
  0x00000209a402a410 JavaThread "container-0" [_thread_blocked, id=20244, stack(0x00000045de700000,0x00000045de800000)]
  0x00000209a541dbd0 JavaThread "http-nio-8083-exec-1" daemon [_thread_blocked, id=23324, stack(0x00000045de800000,0x00000045de900000)]
  0x00000209a5420ba0 JavaThread "http-nio-8083-exec-2" daemon [_thread_blocked, id=16080, stack(0x00000045de900000,0x00000045dea00000)]
  0x00000209a541ebc0 JavaThread "http-nio-8083-exec-3" daemon [_thread_blocked, id=28428, stack(0x00000045dea00000,0x00000045deb00000)]
  0x00000209a541f660 JavaThread "http-nio-8083-exec-4" daemon [_thread_blocked, id=10224, stack(0x00000045deb00000,0x00000045dec00000)]
  0x00000209a54250b0 JavaThread "http-nio-8083-exec-5" daemon [_thread_blocked, id=13360, stack(0x00000045dec00000,0x00000045ded00000)]
  0x00000209a54210f0 JavaThread "http-nio-8083-exec-6" daemon [_thread_blocked, id=10108, stack(0x00000045ded00000,0x00000045dee00000)]
  0x00000209a5422b80 JavaThread "http-nio-8083-exec-7" daemon [_thread_blocked, id=14204, stack(0x00000045dee00000,0x00000045def00000)]
  0x00000209a54230d0 JavaThread "http-nio-8083-exec-8" daemon [_thread_blocked, id=25952, stack(0x00000045def00000,0x00000045df000000)]
  0x00000209a5423620 JavaThread "http-nio-8083-exec-9" daemon [_thread_blocked, id=2520, stack(0x00000045df000000,0x00000045df100000)]
  0x00000209a5424b60 JavaThread "http-nio-8083-exec-10" daemon [_thread_blocked, id=18472, stack(0x00000045df100000,0x00000045df200000)]
  0x00000209a54240c0 JavaThread "http-nio-8083-Poller" daemon [_thread_in_native, id=16936, stack(0x00000045df200000,0x00000045df300000)]
  0x00000209a5423b70 JavaThread "http-nio-8083-Acceptor" daemon [_thread_in_native, id=9424, stack(0x00000045df300000,0x00000045df400000)]
  0x00000209a5421640 JavaThread "DestroyJavaVM" [_thread_blocked, id=9032, stack(0x00000045dc800000,0x00000045dc900000)]
  0x00000209a5420650 JavaThread "PostgreSQL-JDBC-Cleaner" daemon [_thread_blocked, id=15420, stack(0x00000045df400000,0x00000045df500000)]
  0x00000209a541fbb0 JavaThread "HikariPool-1 housekeeper" daemon [_thread_blocked, id=7244, stack(0x00000045df500000,0x00000045df600000)]
  0x00000209a5420100 JavaThread "HikariPool-1 connection adder" daemon [_thread_in_native, id=22248, stack(0x00000045df600000,0x00000045df700000)]

Other Threads:
  0x000002099e90fc10 VMThread "VM Thread" [stack: 0x00000045dce00000,0x00000045dcf00000] [id=15604]
  0x00000209a2fdb8d0 WatcherThread "VM Periodic Task Thread" [stack: 0x00000045ddb00000,0x00000045ddc00000] [id=22880]
  0x00000209820461b0 WorkerThread "GC Thread#0" [stack: 0x00000045dc900000,0x00000045dca00000] [id=14860]
  0x00000209a3a54680 WorkerThread "GC Thread#1" [stack: 0x00000045ddc00000,0x00000045ddd00000] [id=11068]
  0x00000209a3a55760 WorkerThread "GC Thread#2" [stack: 0x00000045ddd00000,0x00000045dde00000] [id=9520]
  0x00000209a3a54950 WorkerThread "GC Thread#3" [stack: 0x00000045dde00000,0x00000045ddf00000] [id=31508]
  0x00000209a3a54c20 WorkerThread "GC Thread#4" [stack: 0x00000045ddf00000,0x00000045de000000] [id=26080]
  0x00000209a3a55490 WorkerThread "GC Thread#5" [stack: 0x00000045de000000,0x00000045de100000] [id=25504]
  0x00000209a3a54ef0 WorkerThread "GC Thread#6" [stack: 0x00000045de100000,0x00000045de200000] [id=19872]
  0x00000209a3a55a30 WorkerThread "GC Thread#7" [stack: 0x00000045de200000,0x00000045de300000] [id=9140]
  0x0000020982056e40 ConcurrentGCThread "G1 Main Marker" [stack: 0x00000045dca00000,0x00000045dcb00000] [id=17532]
  0x0000020982057f10 WorkerThread "G1 Conc#0" [stack: 0x00000045dcb00000,0x00000045dcc00000] [id=20312]
  0x00000209a452e490 WorkerThread "G1 Conc#1" [stack: 0x00000045de300000,0x00000045de400000] [id=31540]
  0x000002099e7cb130 ConcurrentGCThread "G1 Refine#0" [stack: 0x00000045dcc00000,0x00000045dcd00000] [id=31320]
  0x000002099e7cc980 ConcurrentGCThread "G1 Service" [stack: 0x00000045dcd00000,0x00000045dce00000] [id=23348]

Threads with active compile tasks:
C2 CompilerThread0   182669 5941       4       java.util.Properties::enumerateStringProperties (97 bytes)

VM state: not at safepoint (normal execution)

VM Mutex/Monitor currently owned by a thread: None

Heap address: 0x0000000082400000, size: 2012 MB, Compressed Oops mode: 32-bit

CDS archive(s) mapped at: [0x0000000800000000-0x0000000800c60000-0x0000000800c60000), size 12976128, SharedBaseAddress: 0x0000000800000000, ArchiveRelocationMode: 0.
Compressed class space mapped at: 0x0000000801000000-0x0000000841000000, reserved size: 1073741824
Narrow klass base: 0x0000000800000000, Narrow klass shift: 0, Narrow klass range: 0x100000000

GC Precious Log:
 CardTable entry size: 512
 Card Set container configuration: InlinePtr #cards 5 size 8 Array Of Cards #cards 12 size 40 Howl #buckets 4 coarsen threshold 1843 Howl Bitmap #cards 512 size 80 coarsen threshold 460 Card regions per heap region 1 cards per card region 2048
 CPUs: 8 total, 8 available
 Memory: 8043M
 Large Page Support: Disabled
 NUMA Support: Disabled
 Compressed Oops: Enabled (32-bit)
 Heap Region Size: 1M
 Heap Min Capacity: 8M
 Heap Initial Capacity: 126M
 Heap Max Capacity: 2012M
 Pre-touch: Disabled
 Parallel Workers: 8
 Concurrent Workers: 2
 Concurrent Refinement Workers: 8
 Periodic GC: Disabled

Heap:
 garbage-first heap   total 138240K, used 99328K [0x0000000082400000, 0x0000000100000000)
  region size 1024K, 19 young (19456K), 4 survivors (4096K)
 Metaspace       used 33983K, committed 34560K, reserved 1114112K
  class space    used 3967K, committed 4224K, reserved 1048576K

Heap Regions: E=young(eden), S=young(survivor), O=old, HS=humongous(starts), HC=humongous(continues), CS=collection set, F=free, OA=open archive, CA=closed archive, TAMS=top-at-mark-start, PB=parsable bottom
|   0|0x0000000082400000, 0x0000000082500000, 0x0000000082500000|100%| O|  |TAMS 0x0000000082400000| PB 0x0000000082400000| Untracked 
|   1|0x0000000082500000, 0x0000000082600000, 0x0000000082600000|100%| O|  |TAMS 0x0000000082500000| PB 0x0000000082500000| Untracked 
|   2|0x0000000082600000, 0x0000000082700000, 0x0000000082700000|100%| O|  |TAMS 0x0000000082600000| PB 0x0000000082600000| Untracked 
|   3|0x0000000082700000, 0x0000000082800000, 0x0000000082800000|100%| O|  |TAMS 0x0000000082700000| PB 0x0000000082700000| Untracked 
|   4|0x0000000082800000, 0x0000000082900000, 0x0000000082900000|100%| O|  |TAMS 0x0000000082800000| PB 0x0000000082800000| Untracked 
|   5|0x0000000082900000, 0x0000000082a00000, 0x0000000082a00000|100%| O|  |TAMS 0x0000000082900000| PB 0x0000000082900000| Untracked 
|   6|0x0000000082a00000, 0x0000000082b00000, 0x0000000082b00000|100%| O|  |TAMS 0x0000000082a00000| PB 0x0000000082a00000| Untracked 
|   7|0x0000000082b00000, 0x0000000082c00000, 0x0000000082c00000|100%| O|  |TAMS 0x0000000082b00000| PB 0x0000000082b00000| Untracked 
|   8|0x0000000082c00000, 0x0000000082d00000, 0x0000000082d00000|100%| O|  |TAMS 0x0000000082c00000| PB 0x0000000082c00000| Untracked 
|   9|0x0000000082d00000, 0x0000000082e00000, 0x0000000082e00000|100%| O|  |TAMS 0x0000000082d00000| PB 0x0000000082d00000| Untracked 
|  10|0x0000000082e00000, 0x0000000082f00000, 0x0000000082f00000|100%| O|  |TAMS 0x0000000082e00000| PB 0x0000000082e00000| Untracked 
|  11|0x0000000082f00000, 0x0000000083000000, 0x0000000083000000|100%| O|  |TAMS 0x0000000082f00000| PB 0x0000000082f00000| Untracked 
|  12|0x0000000083000000, 0x0000000083100000, 0x0000000083100000|100%| O|  |TAMS 0x0000000083000000| PB 0x0000000083000000| Complete 
|  13|0x0000000083100000, 0x0000000083200000, 0x0000000083200000|100%| O|  |TAMS 0x0000000083100000| PB 0x0000000083100000| Untracked 
|  14|0x0000000083200000, 0x0000000083300000, 0x0000000083300000|100%| O|  |TAMS 0x0000000083200000| PB 0x0000000083200000| Untracked 
|  15|0x0000000083300000, 0x0000000083400000, 0x0000000083400000|100%| O|  |TAMS 0x0000000083300000| PB 0x0000000083300000| Untracked 
|  16|0x0000000083400000, 0x0000000083500000, 0x0000000083500000|100%| O|  |TAMS 0x0000000083400000| PB 0x0000000083400000| Complete 
|  17|0x0000000083500000, 0x0000000083600000, 0x0000000083600000|100%| O|  |TAMS 0x0000000083500000| PB 0x0000000083500000| Untracked 
|  18|0x0000000083600000, 0x0000000083700000, 0x0000000083700000|100%| O|  |TAMS 0x0000000083600000| PB 0x0000000083600000| Untracked 
|  19|0x0000000083700000, 0x0000000083800000, 0x0000000083800000|100%| O|  |TAMS 0x0000000083700000| PB 0x0000000083700000| Complete 
|  20|0x0000000083800000, 0x0000000083900000, 0x0000000083900000|100%| O|  |TAMS 0x0000000083800000| PB 0x0000000083800000| Complete 
|  21|0x0000000083900000, 0x0000000083a00000, 0x0000000083a00000|100%| O|  |TAMS 0x0000000083900000| PB 0x0000000083900000| Untracked 
|  22|0x0000000083a00000, 0x0000000083b00000, 0x0000000083b00000|100%| O|  |TAMS 0x0000000083a00000| PB 0x0000000083a00000| Complete 
|  23|0x0000000083b00000, 0x0000000083c00000, 0x0000000083c00000|100%| O|  |TAMS 0x0000000083b00000| PB 0x0000000083b00000| Untracked 
|  24|0x0000000083c00000, 0x0000000083d00000, 0x0000000083d00000|100%| O|  |TAMS 0x0000000083c00000| PB 0x0000000083c00000| Complete 
|  25|0x0000000083d00000, 0x0000000083e00000, 0x0000000083e00000|100%| O|  |TAMS 0x0000000083d00000| PB 0x0000000083d00000| Untracked 
|  26|0x0000000083e00000, 0x0000000083f00000, 0x0000000083f00000|100%| O|  |TAMS 0x0000000083e00000| PB 0x0000000083e00000| Untracked 
|  27|0x0000000083f00000, 0x0000000083f00000, 0x0000000084000000|  0%| F|  |TAMS 0x0000000083f00000| PB 0x0000000083f00000| Untracked 
|  28|0x0000000084000000, 0x0000000084100000, 0x0000000084100000|100%| O|  |TAMS 0x0000000084000000| PB 0x0000000084000000| Complete 
|  29|0x0000000084100000, 0x0000000084200000, 0x0000000084200000|100%| O|  |TAMS 0x0000000084100000| PB 0x0000000084100000| Untracked 
|  30|0x0000000084200000, 0x0000000084300000, 0x0000000084300000|100%| O|  |TAMS 0x0000000084200000| PB 0x0000000084200000| Complete 
|  31|0x0000000084300000, 0x0000000084400000, 0x0000000084400000|100%| O|  |TAMS 0x0000000084300000| PB 0x0000000084300000| Untracked 
|  32|0x0000000084400000, 0x0000000084500000, 0x0000000084500000|100%| O|  |TAMS 0x0000000084400000| PB 0x0000000084400000| Complete 
|  33|0x0000000084500000, 0x0000000084600000, 0x0000000084600000|100%| O|  |TAMS 0x0000000084500000| PB 0x0000000084500000| Complete 
|  34|0x0000000084600000, 0x0000000084600000, 0x0000000084700000|  0%| F|  |TAMS 0x0000000084600000| PB 0x0000000084600000| Untracked 
|  35|0x0000000084700000, 0x0000000084700000, 0x0000000084800000|  0%| F|  |TAMS 0x0000000084700000| PB 0x0000000084700000| Untracked 
|  36|0x0000000084800000, 0x0000000084900000, 0x0000000084900000|100%| O|  |TAMS 0x0000000084800000| PB 0x0000000084800000| Complete 
|  37|0x0000000084900000, 0x0000000084900000, 0x0000000084a00000|  0%| F|  |TAMS 0x0000000084900000| PB 0x0000000084900000| Untracked 
|  38|0x0000000084a00000, 0x0000000084b00000, 0x0000000084b00000|100%| O|  |TAMS 0x0000000084a00000| PB 0x0000000084a00000| Complete 
|  39|0x0000000084b00000, 0x0000000084c00000, 0x0000000084c00000|100%| O|  |TAMS 0x0000000084b00000| PB 0x0000000084b00000| Complete 
|  40|0x0000000084c00000, 0x0000000084c00000, 0x0000000084d00000|  0%| F|  |TAMS 0x0000000084c00000| PB 0x0000000084c00000| Untracked 
|  41|0x0000000084d00000, 0x0000000084e00000, 0x0000000084e00000|100%| O|  |TAMS 0x0000000084d00000| PB 0x0000000084d00000| Complete 
|  42|0x0000000084e00000, 0x0000000084e00000, 0x0000000084f00000|  0%| F|  |TAMS 0x0000000084e00000| PB 0x0000000084e00000| Untracked 
|  43|0x0000000084f00000, 0x0000000084f00000, 0x0000000085000000|  0%| F|  |TAMS 0x0000000084f00000| PB 0x0000000084f00000| Untracked 
|  44|0x0000000085000000, 0x0000000085000000, 0x0000000085100000|  0%| F|  |TAMS 0x0000000085000000| PB 0x0000000085000000| Untracked 
|  45|0x0000000085100000, 0x0000000085200000, 0x0000000085200000|100%| O|  |TAMS 0x0000000085100000| PB 0x0000000085100000| Complete 
|  46|0x0000000085200000, 0x0000000085300000, 0x0000000085300000|100%| O|  |TAMS 0x0000000085200000| PB 0x0000000085200000| Untracked 
|  47|0x0000000085300000, 0x0000000085400000, 0x0000000085400000|100%| O|  |TAMS 0x0000000085300000| PB 0x0000000085300000| Complete 
|  48|0x0000000085400000, 0x0000000085400000, 0x0000000085500000|  0%| F|  |TAMS 0x0000000085400000| PB 0x0000000085400000| Untracked 
|  49|0x0000000085500000, 0x0000000085500000, 0x0000000085600000|  0%| F|  |TAMS 0x0000000085500000| PB 0x0000000085500000| Untracked 
|  50|0x0000000085600000, 0x0000000085700000, 0x0000000085700000|100%| O|  |TAMS 0x0000000085600000| PB 0x0000000085600000| Untracked 
|  51|0x0000000085700000, 0x0000000085800000, 0x0000000085800000|100%| O|  |TAMS 0x0000000085700000| PB 0x0000000085700000| Untracked 
|  52|0x0000000085800000, 0x0000000085900000, 0x0000000085900000|100%| O|  |TAMS 0x0000000085800000| PB 0x0000000085800000| Complete 
|  53|0x0000000085900000, 0x0000000085900000, 0x0000000085a00000|  0%| F|  |TAMS 0x0000000085900000| PB 0x0000000085900000| Untracked 
|  54|0x0000000085a00000, 0x0000000085a00000, 0x0000000085b00000|  0%| F|  |TAMS 0x0000000085a00000| PB 0x0000000085a00000| Untracked 
|  55|0x0000000085b00000, 0x0000000085c00000, 0x0000000085c00000|100%| O|  |TAMS 0x0000000085b00000| PB 0x0000000085b00000| Complete 
|  56|0x0000000085c00000, 0x0000000085d00000, 0x0000000085d00000|100%| O|  |TAMS 0x0000000085c00000| PB 0x0000000085c00000| Complete 
|  57|0x0000000085d00000, 0x0000000085e00000, 0x0000000085e00000|100%| O|  |TAMS 0x0000000085d00000| PB 0x0000000085d00000| Complete 
|  58|0x0000000085e00000, 0x0000000085e00000, 0x0000000085f00000|  0%| F|  |TAMS 0x0000000085e00000| PB 0x0000000085e00000| Untracked 
|  59|0x0000000085f00000, 0x0000000086000000, 0x0000000086000000|100%| O|  |TAMS 0x0000000085f00000| PB 0x0000000085f00000| Complete 
|  60|0x0000000086000000, 0x0000000086100000, 0x0000000086100000|100%| O|  |TAMS 0x0000000086000000| PB 0x0000000086000000| Untracked 
|  61|0x0000000086100000, 0x0000000086200000, 0x0000000086200000|100%| O|  |TAMS 0x0000000086100000| PB 0x0000000086100000| Untracked 
|  62|0x0000000086200000, 0x0000000086300000, 0x0000000086300000|100%| O|  |TAMS 0x0000000086200000| PB 0x0000000086200000| Untracked 
|  63|0x0000000086300000, 0x0000000086400000, 0x0000000086400000|100%| O|  |TAMS 0x0000000086300000| PB 0x0000000086300000| Untracked 
|  64|0x0000000086400000, 0x0000000086500000, 0x0000000086500000|100%| O|  |TAMS 0x0000000086400000| PB 0x0000000086400000| Untracked 
|  65|0x0000000086500000, 0x0000000086600000, 0x0000000086600000|100%| O|  |TAMS 0x0000000086500000| PB 0x0000000086500000| Untracked 
|  66|0x0000000086600000, 0x0000000086700000, 0x0000000086700000|100%| O|  |TAMS 0x0000000086600000| PB 0x0000000086600000| Untracked 
|  67|0x0000000086700000, 0x0000000086800000, 0x0000000086800000|100%| O|  |TAMS 0x0000000086700000| PB 0x0000000086700000| Untracked 
|  68|0x0000000086800000, 0x0000000086900000, 0x0000000086900000|100%| O|  |TAMS 0x0000000086800000| PB 0x0000000086800000| Untracked 
|  69|0x0000000086900000, 0x0000000086a00000, 0x0000000086a00000|100%| O|  |TAMS 0x0000000086900000| PB 0x0000000086900000| Untracked 
|  70|0x0000000086a00000, 0x0000000086b00000, 0x0000000086b00000|100%| O|  |TAMS 0x0000000086a00000| PB 0x0000000086a00000| Untracked 
|  71|0x0000000086b00000, 0x0000000086c00000, 0x0000000086c00000|100%| O|  |TAMS 0x0000000086b00000| PB 0x0000000086b00000| Untracked 
|  72|0x0000000086c00000, 0x0000000086d00000, 0x0000000086d00000|100%| O|  |TAMS 0x0000000086c00000| PB 0x0000000086c00000| Untracked 
|  73|0x0000000086d00000, 0x0000000086e00000, 0x0000000086e00000|100%| O|  |TAMS 0x0000000086d00000| PB 0x0000000086d00000| Untracked 
|  74|0x0000000086e00000, 0x0000000086f00000, 0x0000000086f00000|100%| O|  |TAMS 0x0000000086e00000| PB 0x0000000086e00000| Untracked 
|  75|0x0000000086f00000, 0x0000000087000000, 0x0000000087000000|100%| O|  |TAMS 0x0000000086f00000| PB 0x0000000086f00000| Untracked 
|  76|0x0000000087000000, 0x0000000087100000, 0x0000000087100000|100%| O|  |TAMS 0x0000000087000000| PB 0x0000000087000000| Untracked 
|  77|0x0000000087100000, 0x0000000087200000, 0x0000000087200000|100%| O|  |TAMS 0x0000000087100000| PB 0x0000000087100000| Untracked 
|  78|0x0000000087200000, 0x0000000087300000, 0x0000000087300000|100%| O|  |TAMS 0x0000000087200000| PB 0x0000000087200000| Untracked 
|  79|0x0000000087300000, 0x0000000087400000, 0x0000000087400000|100%| O|  |TAMS 0x0000000087300000| PB 0x0000000087300000| Untracked 
|  80|0x0000000087400000, 0x0000000087500000, 0x0000000087500000|100%| O|  |TAMS 0x0000000087400000| PB 0x0000000087400000| Untracked 
|  81|0x0000000087500000, 0x0000000087600000, 0x0000000087600000|100%| O|  |TAMS 0x0000000087500000| PB 0x0000000087500000| Untracked 
|  82|0x0000000087600000, 0x0000000087700000, 0x0000000087700000|100%| O|  |TAMS 0x0000000087600000| PB 0x0000000087600000| Untracked 
|  83|0x0000000087700000, 0x0000000087800000, 0x0000000087800000|100%| O|  |TAMS 0x0000000087700000| PB 0x0000000087700000| Untracked 
|  84|0x0000000087800000, 0x0000000087900000, 0x0000000087900000|100%| O|  |TAMS 0x0000000087800000| PB 0x0000000087800000| Untracked 
|  85|0x0000000087900000, 0x0000000087a00000, 0x0000000087a00000|100%| O|  |TAMS 0x0000000087900000| PB 0x0000000087900000| Untracked 
|  86|0x0000000087a00000, 0x0000000087b00000, 0x0000000087b00000|100%| O|  |TAMS 0x0000000087a00000| PB 0x0000000087a00000| Untracked 
|  87|0x0000000087b00000, 0x0000000087c00000, 0x0000000087c00000|100%| O|  |TAMS 0x0000000087b00000| PB 0x0000000087b00000| Untracked 
|  88|0x0000000087c00000, 0x0000000087d00000, 0x0000000087d00000|100%| O|  |TAMS 0x0000000087c00000| PB 0x0000000087c00000| Untracked 
|  89|0x0000000087d00000, 0x0000000087e00000, 0x0000000087e00000|100%| O|  |TAMS 0x0000000087d00000| PB 0x0000000087d00000| Untracked 
|  90|0x0000000087e00000, 0x0000000087e00000, 0x0000000087f00000|  0%| F|  |TAMS 0x0000000087e00000| PB 0x0000000087e00000| Untracked 
|  91|0x0000000087f00000, 0x0000000087f00000, 0x0000000088000000|  0%| F|  |TAMS 0x0000000087f00000| PB 0x0000000087f00000| Untracked 
|  92|0x0000000088000000, 0x0000000088000000, 0x0000000088100000|  0%| F|  |TAMS 0x0000000088000000| PB 0x0000000088000000| Untracked 
|  93|0x0000000088100000, 0x0000000088100000, 0x0000000088200000|  0%| F|  |TAMS 0x0000000088100000| PB 0x0000000088100000| Untracked 
|  94|0x0000000088200000, 0x0000000088200000, 0x0000000088300000|  0%| F|  |TAMS 0x0000000088200000| PB 0x0000000088200000| Untracked 
|  95|0x0000000088300000, 0x0000000088400000, 0x0000000088400000|100%| O|  |TAMS 0x0000000088300000| PB 0x0000000088300000| Untracked 
|  96|0x0000000088400000, 0x0000000088400000, 0x0000000088500000|  0%| F|  |TAMS 0x0000000088400000| PB 0x0000000088400000| Untracked 
|  97|0x0000000088500000, 0x0000000088500000, 0x0000000088600000|  0%| F|  |TAMS 0x0000000088500000| PB 0x0000000088500000| Untracked 
|  98|0x0000000088600000, 0x0000000088600000, 0x0000000088700000|  0%| F|  |TAMS 0x0000000088600000| PB 0x0000000088600000| Untracked 
|  99|0x0000000088700000, 0x0000000088700000, 0x0000000088800000|  0%| F|  |TAMS 0x0000000088700000| PB 0x0000000088700000| Untracked 
| 100|0x0000000088800000, 0x0000000088800000, 0x0000000088900000|  0%| F|  |TAMS 0x0000000088800000| PB 0x0000000088800000| Untracked 
| 101|0x0000000088900000, 0x0000000088900000, 0x0000000088a00000|  0%| F|  |TAMS 0x0000000088900000| PB 0x0000000088900000| Untracked 
| 102|0x0000000088a00000, 0x0000000088a00000, 0x0000000088b00000|  0%| F|  |TAMS 0x0000000088a00000| PB 0x0000000088a00000| Untracked 
| 103|0x0000000088b00000, 0x0000000088b00000, 0x0000000088c00000|  0%| F|  |TAMS 0x0000000088b00000| PB 0x0000000088b00000| Untracked 
| 104|0x0000000088c00000, 0x0000000088c00000, 0x0000000088d00000|  0%| F|  |TAMS 0x0000000088c00000| PB 0x0000000088c00000| Untracked 
| 105|0x0000000088d00000, 0x0000000088e00000, 0x0000000088e00000|100%| S|CS|TAMS 0x0000000088d00000| PB 0x0000000088d00000| Complete 
| 106|0x0000000088e00000, 0x0000000088f00000, 0x0000000088f00000|100%| S|CS|TAMS 0x0000000088e00000| PB 0x0000000088e00000| Complete 
| 107|0x0000000088f00000, 0x0000000089000000, 0x0000000089000000|100%| S|CS|TAMS 0x0000000088f00000| PB 0x0000000088f00000| Complete 
| 108|0x0000000089000000, 0x0000000089100000, 0x0000000089100000|100%| S|CS|TAMS 0x0000000089000000| PB 0x0000000089000000| Complete 
| 109|0x0000000089100000, 0x0000000089100000, 0x0000000089200000|  0%| F|  |TAMS 0x0000000089100000| PB 0x0000000089100000| Untracked 
| 110|0x0000000089200000, 0x0000000089200000, 0x0000000089300000|  0%| F|  |TAMS 0x0000000089200000| PB 0x0000000089200000| Untracked 
| 111|0x0000000089300000, 0x0000000089300000, 0x0000000089400000|  0%| F|  |TAMS 0x0000000089300000| PB 0x0000000089300000| Untracked 
| 112|0x0000000089400000, 0x0000000089400000, 0x0000000089500000|  0%| F|  |TAMS 0x0000000089400000| PB 0x0000000089400000| Untracked 
| 113|0x0000000089500000, 0x0000000089500000, 0x0000000089600000|  0%| F|  |TAMS 0x0000000089500000| PB 0x0000000089500000| Untracked 
| 114|0x0000000089600000, 0x0000000089600000, 0x0000000089700000|  0%| F|  |TAMS 0x0000000089600000| PB 0x0000000089600000| Untracked 
| 115|0x0000000089700000, 0x0000000089700000, 0x0000000089800000|  0%| F|  |TAMS 0x0000000089700000| PB 0x0000000089700000| Untracked 
| 116|0x0000000089800000, 0x0000000089800000, 0x0000000089900000|  0%| F|  |TAMS 0x0000000089800000| PB 0x0000000089800000| Untracked 
| 117|0x0000000089900000, 0x0000000089900000, 0x0000000089a00000|  0%| F|  |TAMS 0x0000000089900000| PB 0x0000000089900000| Untracked 
| 118|0x0000000089a00000, 0x0000000089a00000, 0x0000000089b00000|  0%| F|  |TAMS 0x0000000089a00000| PB 0x0000000089a00000| Untracked 
| 119|0x0000000089b00000, 0x0000000089c00000, 0x0000000089c00000|100%| E|  |TAMS 0x0000000089b00000| PB 0x0000000089b00000| Complete 
| 120|0x0000000089c00000, 0x0000000089d00000, 0x0000000089d00000|100%| E|CS|TAMS 0x0000000089c00000| PB 0x0000000089c00000| Complete 
| 121|0x0000000089d00000, 0x0000000089e00000, 0x0000000089e00000|100%| E|CS|TAMS 0x0000000089d00000| PB 0x0000000089d00000| Complete 
| 122|0x0000000089e00000, 0x0000000089f00000, 0x0000000089f00000|100%| E|CS|TAMS 0x0000000089e00000| PB 0x0000000089e00000| Complete 
| 123|0x0000000089f00000, 0x000000008a000000, 0x000000008a000000|100%| E|CS|TAMS 0x0000000089f00000| PB 0x0000000089f00000| Complete 
| 124|0x000000008a000000, 0x000000008a100000, 0x000000008a100000|100%| E|CS|TAMS 0x000000008a000000| PB 0x000000008a000000| Complete 
| 125|0x000000008a100000, 0x000000008a200000, 0x000000008a200000|100%| E|CS|TAMS 0x000000008a100000| PB 0x000000008a100000| Complete 
| 126|0x000000008a200000, 0x000000008a300000, 0x000000008a300000|100%| E|CS|TAMS 0x000000008a200000| PB 0x000000008a200000| Complete 
| 127|0x000000008a300000, 0x000000008a400000, 0x000000008a400000|100%| E|CS|TAMS 0x000000008a300000| PB 0x000000008a300000| Complete 
| 128|0x000000008a400000, 0x000000008a500000, 0x000000008a500000|100%| E|CS|TAMS 0x000000008a400000| PB 0x000000008a400000| Complete 
| 129|0x000000008a500000, 0x000000008a600000, 0x000000008a600000|100%| E|CS|TAMS 0x000000008a500000| PB 0x000000008a500000| Complete 
| 130|0x000000008a600000, 0x000000008a700000, 0x000000008a700000|100%| E|CS|TAMS 0x000000008a600000| PB 0x000000008a600000| Complete 
| 131|0x000000008a700000, 0x000000008a800000, 0x000000008a800000|100%| E|CS|TAMS 0x000000008a700000| PB 0x000000008a700000| Complete 
| 132|0x000000008a800000, 0x000000008a900000, 0x000000008a900000|100%| E|CS|TAMS 0x000000008a800000| PB 0x000000008a800000| Complete 
| 133|0x000000008a900000, 0x000000008aa00000, 0x000000008aa00000|100%| E|CS|TAMS 0x000000008a900000| PB 0x000000008a900000| Complete 
|2011|0x00000000fff00000, 0x0000000100000000, 0x0000000100000000|100%| O|  |TAMS 0x00000000fff00000| PB 0x00000000fff00000| Untracked 

Card table byte_map: [0x00000209997b0000,0x0000020999ba0000] _byte_map_base: 0x000002099939e000

Marking Bits: (CMBitMap*) 0x00000209820466e0
 Bits: [0x0000020999f90000, 0x000002099bf00000)

Polling page: 0x00000209817a0000

Metaspace:

Usage:
  Non-class:     29.31 MB used.
      Class:      3.87 MB used.
       Both:     33.19 MB used.

Virtual space:
  Non-class space:       64.00 MB reserved,      29.62 MB ( 46%) committed,  1 nodes.
      Class space:        1.00 GB reserved,       4.12 MB ( <1%) committed,  1 nodes.
             Both:        1.06 GB reserved,      33.75 MB (  3%) committed. 

Chunk freelists:
   Non-Class:  2.03 MB
       Class:  3.89 MB
        Both:  5.92 MB

MaxMetaspaceSize: unlimited
CompressedClassSpaceSize: 1.00 GB
Initial GC threshold: 21.00 MB
Current GC threshold: 56.25 MB
CDS: on
MetaspaceReclaimPolicy: balanced
 - commit_granule_bytes: 65536.
 - commit_granule_words: 8192.
 - virtual_space_node_default_size: 8388608.
 - enlarge_chunks_in_place: 1.
 - new_chunks_are_fully_committed: 0.
 - uncommit_free_chunks: 1.
 - use_allocation_guard: 0.


Internal statistics:

num_allocs_failed_limit: 3.
num_arena_births: 730.
num_arena_deaths: 0.
num_vsnodes_births: 2.
num_vsnodes_deaths: 0.
num_space_committed: 540.
num_space_uncommitted: 0.
num_chunks_returned_to_freelist: 3.
num_chunks_taken_from_freelist: 1907.
num_chunk_merges: 0.
num_chunk_splits: 1273.
num_chunks_enlarged: 930.
num_inconsistent_stats: 0.

CodeHeap 'non-profiled nmethods': size=120000Kb used=2918Kb max_used=2918Kb free=117081Kb
 bounds [0x0000020991b60000, 0x0000020991e40000, 0x0000020999090000]
CodeHeap 'profiled nmethods': size=120000Kb used=9685Kb max_used=10144Kb free=110314Kb
 bounds [0x000002098a090000, 0x000002098aa80000, 0x00000209915c0000]
CodeHeap 'non-nmethods': size=5760Kb used=1549Kb max_used=1624Kb free=4210Kb
 bounds [0x00000209915c0000, 0x0000020991830000, 0x0000020991b60000]
 total_blobs=5555 nmethods=4991 adapters=473
 compilation: enabled
              stopped_count=0, restarted_count=0
 full_count=0

Compilation events (20 events):
Event: 178.407 Thread 0x000002099e93fad0 nmethod 5931 0x000002098a27b310 code [0x000002098a27b4c0, 0x000002098a27b800]
Event: 179.393 Thread 0x000002099e93fad0 5932   !   3       java.util.concurrent.locks.AbstractQueuedSynchronizer$ConditionObject::await (185 bytes)
Event: 179.395 Thread 0x000002099e93fad0 nmethod 5932 0x000002098a92ac10 code [0x000002098a92af60, 0x000002098a92c4f0]
Event: 179.395 Thread 0x000002099e93fad0 5933       3       java.util.concurrent.ForkJoinPool::managedBlock (36 bytes)
Event: 179.395 Thread 0x000002099e93fad0 nmethod 5933 0x000002098a344290 code [0x000002098a344480, 0x000002098a344c18]
Event: 179.395 Thread 0x000002099e93fad0 5934       3       java.util.concurrent.ForkJoinPool::unmanagedBlock (31 bytes)
Event: 179.395 Thread 0x000002099e93fad0 nmethod 5934 0x000002098a2ac710 code [0x000002098a2ac8e0, 0x000002098a2acd40]
Event: 180.215 Thread 0x000002099e939d30 5935       4       java.util.stream.FindOps$FindOp::evaluateSequential (39 bytes)
Event: 180.217 Thread 0x000002099e939d30 nmethod 5935 0x0000020991d97a90 code [0x0000020991d97c40, 0x0000020991d97ec8]
Event: 180.747 Thread 0x000002099e939d30 5936       4       org.postgresql.core.ServerVersion::parseServerVersionStr (365 bytes)
Event: 180.751 Thread 0x000002099e939d30 nmethod 5936 0x0000020991e37490 code [0x0000020991e37640, 0x0000020991e37ad0]
Event: 181.119 Thread 0x000002099e939d30 5937   !   4       org.postgresql.core.QueryExecutorBase::getTransactionState (87 bytes)
Event: 181.122 Thread 0x000002099e939d30 nmethod 5937 0x0000020991e37f90 code [0x0000020991e38140, 0x0000020991e38588]
Event: 181.470 Thread 0x000002099e939d30 5938       4       java.lang.StringCoding::implEncodeAsciiArray (47 bytes)
Event: 181.473 Thread 0x000002099e939d30 nmethod 5938 0x0000020991dea390 code [0x0000020991dea500, 0x0000020991dea760]
Event: 181.477 Thread 0x000002099e939d30 5939       4       java.util.stream.FindOps$FindSink::accept (18 bytes)
Event: 181.478 Thread 0x000002099e939d30 nmethod 5939 0x0000020991e38910 code [0x0000020991e38a80, 0x0000020991e38c10]
Event: 182.171 Thread 0x000002099e939d30 5940       4       sun.util.locale.provider.LocaleProviderAdapter::getAdapter (177 bytes)
Event: 182.177 Thread 0x000002099e939d30 nmethod 5940 0x0000020991e38c90 code [0x0000020991e38e60, 0x0000020991e393c8]
Event: 182.571 Thread 0x000002099e939d30 5941       4       java.util.Properties::enumerateStringProperties (97 bytes)

GC Heap History (20 events):
Event: 88.434 GC heap before
{Heap before GC invocations=23 (full 0):
 garbage-first heap   total 99328K, used 74506K [0x0000000082400000, 0x0000000100000000)
  region size 1024K, 19 young (19456K), 3 survivors (3072K)
 Metaspace       used 33616K, committed 34240K, reserved 1114112K
  class space    used 3966K, committed 4224K, reserved 1048576K
}
Event: 88.438 GC heap after
{Heap after GC invocations=24 (full 0):
 garbage-first heap   total 99328K, used 61524K [0x0000000082400000, 0x0000000100000000)
  region size 1024K, 3 young (3072K), 3 survivors (3072K)
 Metaspace       used 33616K, committed 34240K, reserved 1114112K
  class space    used 3966K, committed 4224K, reserved 1048576K
}
Event: 106.463 GC heap before
{Heap before GC invocations=24 (full 0):
 garbage-first heap   total 99328K, used 87124K [0x0000000082400000, 0x0000000100000000)
  region size 1024K, 28 young (28672K), 3 survivors (3072K)
 Metaspace       used 33634K, committed 34240K, reserved 1114112K
  class space    used 3966K, committed 4224K, reserved 1048576K
}
Event: 106.467 GC heap after
{Heap after GC invocations=25 (full 0):
 garbage-first heap   total 99328K, used 65614K [0x0000000082400000, 0x0000000100000000)
  region size 1024K, 4 young (4096K), 4 survivors (4096K)
 Metaspace       used 33634K, committed 34240K, reserved 1114112K
  class space    used 3966K, committed 4224K, reserved 1048576K
}
Event: 108.725 GC heap before
{Heap before GC invocations=25 (full 0):
 garbage-first heap   total 99328K, used 71758K [0x0000000082400000, 0x0000000100000000)
  region size 1024K, 11 young (11264K), 4 survivors (4096K)
 Metaspace       used 33670K, committed 34240K, reserved 1114112K
  class space    used 3967K, committed 4224K, reserved 1048576K
}
Event: 108.727 GC heap after
{Heap after GC invocations=26 (full 0):
 garbage-first heap   total 99328K, used 67737K [0x0000000082400000, 0x0000000100000000)
  region size 1024K, 2 young (2048K), 2 survivors (2048K)
 Metaspace       used 33670K, committed 34240K, reserved 1114112K
  class space    used 3967K, committed 4224K, reserved 1048576K
}
Event: 109.929 GC heap before
{Heap before GC invocations=27 (full 0):
 garbage-first heap   total 128000K, used 93337K [0x0000000082400000, 0x0000000100000000)
  region size 1024K, 22 young (22528K), 2 survivors (2048K)
 Metaspace       used 33972K, committed 34560K, reserved 1114112K
  class space    used 3967K, committed 4224K, reserved 1048576K
}
Event: 109.932 GC heap after
{Heap after GC invocations=28 (full 0):
 garbage-first heap   total 128000K, used 68167K [0x0000000082400000, 0x0000000100000000)
  region size 1024K, 2 young (2048K), 2 survivors (2048K)
 Metaspace       used 33972K, committed 34560K, reserved 1114112K
  class space    used 3967K, committed 4224K, reserved 1048576K
}
Event: 124.276 GC heap before
{Heap before GC invocations=28 (full 0):
 garbage-first heap   total 128000K, used 111175K [0x0000000082400000, 0x0000000100000000)
  region size 1024K, 44 young (45056K), 2 survivors (2048K)
 Metaspace       used 33978K, committed 34560K, reserved 1114112K
  class space    used 3967K, committed 4224K, reserved 1048576K
}
Event: 124.280 GC heap after
{Heap after GC invocations=29 (full 0):
 garbage-first heap   total 128000K, used 74223K [0x0000000082400000, 0x0000000100000000)
  region size 1024K, 6 young (6144K), 6 survivors (6144K)
 Metaspace       used 33978K, committed 34560K, reserved 1114112K
  class space    used 3967K, committed 4224K, reserved 1048576K
}
Event: 136.262 GC heap before
{Heap before GC invocations=29 (full 0):
 garbage-first heap   total 128000K, used 111087K [0x0000000082400000, 0x0000000100000000)
  region size 1024K, 42 young (43008K), 6 survivors (6144K)
 Metaspace       used 33978K, committed 34560K, reserved 1114112K
  class space    used 3967K, committed 4224K, reserved 1048576K
}
Event: 136.267 GC heap after
{Heap after GC invocations=30 (full 0):
 garbage-first heap   total 128000K, used 81286K [0x0000000082400000, 0x0000000100000000)
  region size 1024K, 6 young (6144K), 6 survivors (6144K)
 Metaspace       used 33978K, committed 34560K, reserved 1114112K
  class space    used 3967K, committed 4224K, reserved 1048576K
}
Event: 147.390 GC heap before
{Heap before GC invocations=31 (full 0):
 garbage-first heap   total 138240K, used 113030K [0x0000000082400000, 0x0000000100000000)
  region size 1024K, 37 young (37888K), 6 survivors (6144K)
 Metaspace       used 33978K, committed 34560K, reserved 1114112K
  class space    used 3967K, committed 4224K, reserved 1048576K
}
Event: 147.395 GC heap after
{Heap after GC invocations=32 (full 0):
 garbage-first heap   total 138240K, used 87500K [0x0000000082400000, 0x0000000100000000)
  region size 1024K, 5 young (5120K), 5 survivors (5120K)
 Metaspace       used 33978K, committed 34560K, reserved 1114112K
  class space    used 3967K, committed 4224K, reserved 1048576K
}
Event: 158.394 GC heap before
{Heap before GC invocations=32 (full 0):
 garbage-first heap   total 138240K, used 122316K [0x0000000082400000, 0x0000000100000000)
  region size 1024K, 39 young (39936K), 5 survivors (5120K)
 Metaspace       used 33978K, committed 34560K, reserved 1114112K
  class space    used 3967K, committed 4224K, reserved 1048576K
}
Event: 158.399 GC heap after
{Heap after GC invocations=33 (full 0):
 garbage-first heap   total 138240K, used 93184K [0x0000000082400000, 0x0000000100000000)
  region size 1024K, 5 young (5120K), 5 survivors (5120K)
 Metaspace       used 33978K, committed 34560K, reserved 1114112K
  class space    used 3967K, committed 4224K, reserved 1048576K
}
Event: 168.988 GC heap before
{Heap before GC invocations=33 (full 0):
 garbage-first heap   total 138240K, used 123904K [0x0000000082400000, 0x0000000100000000)
  region size 1024K, 35 young (35840K), 5 survivors (5120K)
 Metaspace       used 33978K, committed 34560K, reserved 1114112K
  class space    used 3967K, committed 4224K, reserved 1048576K
}
Event: 168.992 GC heap after
{Heap after GC invocations=34 (full 0):
 garbage-first heap   total 138240K, used 99328K [0x0000000082400000, 0x0000000100000000)
  region size 1024K, 5 young (5120K), 5 survivors (5120K)
 Metaspace       used 33978K, committed 34560K, reserved 1114112K
  class space    used 3967K, committed 4224K, reserved 1048576K
}
Event: 177.118 GC heap before
{Heap before GC invocations=35 (full 0):
 garbage-first heap   total 138240K, used 105472K [0x0000000082400000, 0x0000000100000000)
  region size 1024K, 30 young (30720K), 5 survivors (5120K)
 Metaspace       used 33978K, committed 34560K, reserved 1114112K
  class space    used 3967K, committed 4224K, reserved 1048576K
}
Event: 177.122 GC heap after
{Heap after GC invocations=36 (full 0):
 garbage-first heap   total 138240K, used 84992K [0x0000000082400000, 0x0000000100000000)
  region size 1024K, 4 young (4096K), 4 survivors (4096K)
 Metaspace       used 33978K, committed 34560K, reserved 1114112K
  class space    used 3967K, committed 4224K, reserved 1048576K
}

Dll operation events (14 events):
Event: 0.011 Loaded shared library C:\Program Files\Java\jdk-20\bin\java.dll
Event: 0.022 Loaded shared library C:\Program Files\Java\jdk-20\bin\jsvml.dll
Event: 0.118 Loaded shared library C:\Program Files\Java\jdk-20\bin\zip.dll
Event: 0.121 Loaded shared library C:\Program Files\Java\jdk-20\bin\instrument.dll
Event: 0.127 Loaded shared library C:\Program Files\Java\jdk-20\bin\net.dll
Event: 0.128 Loaded shared library C:\Program Files\Java\jdk-20\bin\nio.dll
Event: 0.133 Loaded shared library C:\Program Files\Java\jdk-20\bin\zip.dll
Event: 0.184 Loaded shared library C:\Program Files\JetBrains\IntelliJ IDEA Community Edition 2022.3.3\bin\breakgen64.dll
Event: 0.193 Loaded shared library C:\Program Files\Java\jdk-20\bin\extnet.dll
Event: 0.202 Loaded shared library C:\Program Files\Java\jdk-20\bin\verify.dll
Event: 0.207 Loaded shared library C:\Program Files\Java\jdk-20\bin\jimage.dll
Event: 1.957 Loaded shared library C:\Program Files\Java\jdk-20\bin\sunmscapi.dll
Event: 1.968 Loaded shared library C:\Program Files\Java\jdk-20\bin\management.dll
Event: 1.970 Loaded shared library C:\Program Files\Java\jdk-20\bin\management_ext.dll

Deoptimization events (20 events):
Event: 108.721 Thread 0x00000209a5422b80 Uncommon trap: trap_request=0xffffffde fr.pc=0x0000020991c05fc0 relative=0x0000000000000120
Event: 108.721 Thread 0x00000209a5422b80 Uncommon trap: reason=class_check action=maybe_recompile pc=0x0000020991c05fc0 method=org.postgresql.core.v3.QueryExecutorImpl.wrap(Ljava/util/List;)Lorg/postgresql/core/Query; @ 1 c2
Event: 108.721 Thread 0x00000209a5422b80 DEOPT PACKING pc=0x0000020991c05fc0 sp=0x00000045deefcd80
Event: 108.721 Thread 0x00000209a5422b80 DEOPT UNPACKING pc=0x0000020991629d22 sp=0x00000045deefcce8 mode 2
Event: 108.722 Thread 0x00000209a5422b80 Uncommon trap: trap_request=0xffffffde fr.pc=0x0000020991c05fc0 relative=0x0000000000000120
Event: 108.722 Thread 0x00000209a5422b80 Uncommon trap: reason=class_check action=maybe_recompile pc=0x0000020991c05fc0 method=org.postgresql.core.v3.QueryExecutorImpl.wrap(Ljava/util/List;)Lorg/postgresql/core/Query; @ 1 c2
Event: 108.722 Thread 0x00000209a5422b80 DEOPT PACKING pc=0x0000020991c05fc0 sp=0x00000045deefcd80
Event: 108.722 Thread 0x00000209a5422b80 DEOPT UNPACKING pc=0x0000020991629d22 sp=0x00000045deefcce8 mode 2
Event: 108.723 Thread 0x00000209a5422b80 Uncommon trap: trap_request=0xffffffde fr.pc=0x0000020991c05fc0 relative=0x0000000000000120
Event: 108.723 Thread 0x00000209a5422b80 Uncommon trap: reason=class_check action=maybe_recompile pc=0x0000020991c05fc0 method=org.postgresql.core.v3.QueryExecutorImpl.wrap(Ljava/util/List;)Lorg/postgresql/core/Query; @ 1 c2
Event: 108.723 Thread 0x00000209a5422b80 DEOPT PACKING pc=0x0000020991c05fc0 sp=0x00000045deefcd80
Event: 108.723 Thread 0x00000209a5422b80 DEOPT UNPACKING pc=0x0000020991629d22 sp=0x00000045deefcce8 mode 2
Event: 109.104 Thread 0x00000209a5422b80 Uncommon trap: trap_request=0xffffff45 fr.pc=0x0000020991deb92c relative=0x00000000000012ec
Event: 109.104 Thread 0x00000209a5422b80 Uncommon trap: reason=unstable_if action=reinterpret pc=0x0000020991deb92c method=org.postgresql.core.CachedQueryCreateAction.create(Ljava/lang/Object;)Lorg/postgresql/core/CachedQuery; @ 63 c2
Event: 109.104 Thread 0x00000209a5422b80 DEOPT PACKING pc=0x0000020991deb92c sp=0x00000045deefd260
Event: 109.104 Thread 0x00000209a5422b80 DEOPT UNPACKING pc=0x0000020991629d22 sp=0x00000045deefd210 mode 2
Event: 109.123 Thread 0x00000209a5422b80 Uncommon trap: trap_request=0xffffff45 fr.pc=0x0000020991d98058 relative=0x00000000000003f8
Event: 109.123 Thread 0x00000209a5422b80 Uncommon trap: reason=unstable_if action=reinterpret pc=0x0000020991d98058 method=org.postgresql.core.Parser.parseSql([CILjava/lang/StringBuilder;ZZ)I @ 137 c2
Event: 109.123 Thread 0x00000209a5422b80 DEOPT PACKING pc=0x0000020991d98058 sp=0x00000045deefd090
Event: 109.123 Thread 0x00000209a5422b80 DEOPT UNPACKING pc=0x0000020991629d22 sp=0x00000045deefd008 mode 2

Classes loaded (20 events):
Event: 6.678 Loading class java/util/stream/DoubleStream
Event: 6.678 Loading class java/util/stream/DoubleStream done
Event: 6.692 Loading class sun/reflect/generics/tree/IntSignature
Event: 6.692 Loading class sun/reflect/generics/tree/IntSignature done
Event: 6.692 Loading class java/lang/reflect/Executable$ParameterData
Event: 6.692 Loading class java/lang/reflect/Executable$ParameterData done
Event: 6.695 Loading class org/w3c/dom/Node
Event: 6.695 Loading class org/w3c/dom/Node done
Event: 6.695 Loading class org/w3c/dom/Document
Event: 6.695 Loading class org/w3c/dom/Document done
Event: 12.063 Loading class java/util/Collections$ReverseComparator
Event: 12.064 Loading class java/util/Collections$ReverseComparator done
Event: 12.064 Loading class java/util/Collections$ReverseComparator2
Event: 12.064 Loading class java/util/Collections$ReverseComparator2 done
Event: 44.551 Loading class java/lang/foreign/MemorySegment
Event: 44.552 Loading class java/lang/foreign/MemorySegment done
Event: 86.375 Loading class sun/net/ConnectionResetException
Event: 86.376 Loading class sun/net/ConnectionResetException done
Event: 86.725 Loading class java/text/MessageFormat$Field
Event: 86.725 Loading class java/text/MessageFormat$Field done

Classes unloaded (0 events):
No events

Classes redefined (0 events):
No events

Internal exceptions (20 events):
Event: 109.097 Thread 0x00000209a5422b80 Exception <a 'java/io/IOException'{0x00000000891fab20}: Connection reset by peer> (0x00000000891fab20) 
thrown [s\open\src\hotspot\share\prims\jni.cpp, line 538]
Event: 109.098 Thread 0x00000209a5422b80 Exception <a 'java/io/IOException'{0x00000000891fe8d8}: Connection reset by peer> (0x00000000891fe8d8) 
thrown [s\open\src\hotspot\share\prims\jni.cpp, line 538]
Event: 109.098 Thread 0x00000209a5422b80 Exception <a 'java/io/IOException'{0x00000000890028d8}: Connection reset by peer> (0x00000000890028d8) 
thrown [s\open\src\hotspot\share\prims\jni.cpp, line 538]
Event: 109.098 Thread 0x00000209a5422b80 Exception <a 'java/io/IOException'{0x0000000089006448}: Connection reset by peer> (0x0000000089006448) 
thrown [s\open\src\hotspot\share\prims\jni.cpp, line 538]
Event: 109.098 Thread 0x00000209a5422b80 Exception <a 'java/io/IOException'{0x000000008900a230}: Connection reset by peer> (0x000000008900a230) 
thrown [s\open\src\hotspot\share\prims\jni.cpp, line 538]
Event: 109.098 Thread 0x00000209a5422b80 Exception <a 'java/io/IOException'{0x000000008900dd98}: Connection reset by peer> (0x000000008900dd98) 
thrown [s\open\src\hotspot\share\prims\jni.cpp, line 538]
Event: 109.099 Thread 0x00000209a5422b80 Exception <a 'java/io/IOException'{0x0000000089011b38}: Connection reset by peer> (0x0000000089011b38) 
thrown [s\open\src\hotspot\share\prims\jni.cpp, line 538]
Event: 109.099 Thread 0x00000209a5422b80 Exception <a 'java/io/IOException'{0x0000000089015698}: Connection reset by peer> (0x0000000089015698) 
thrown [s\open\src\hotspot\share\prims\jni.cpp, line 538]
Event: 109.099 Thread 0x00000209a5422b80 Exception <a 'java/io/IOException'{0x0000000089019460}: Connection reset by peer> (0x0000000089019460) 
thrown [s\open\src\hotspot\share\prims\jni.cpp, line 538]
Event: 109.099 Thread 0x00000209a5422b80 Exception <a 'java/io/IOException'{0x000000008901cfb8}: Connection reset by peer> (0x000000008901cfb8) 
thrown [s\open\src\hotspot\share\prims\jni.cpp, line 538]
Event: 109.099 Thread 0x00000209a5422b80 Exception <a 'java/io/IOException'{0x0000000089020e10}: Connection reset by peer> (0x0000000089020e10) 
thrown [s\open\src\hotspot\share\prims\jni.cpp, line 538]
Event: 109.100 Thread 0x00000209a5422b80 Exception <a 'java/io/IOException'{0x0000000089024960}: Connection reset by peer> (0x0000000089024960) 
thrown [s\open\src\hotspot\share\prims\jni.cpp, line 538]
Event: 109.100 Thread 0x00000209a5422b80 Exception <a 'java/io/IOException'{0x00000000890284a8}: Connection reset by peer> (0x00000000890284a8) 
thrown [s\open\src\hotspot\share\prims\jni.cpp, line 538]
Event: 109.100 Thread 0x00000209a5422b80 Exception <a 'java/io/IOException'{0x000000008902c260}: Connection reset by peer> (0x000000008902c260) 
thrown [s\open\src\hotspot\share\prims\jni.cpp, line 538]
Event: 109.100 Thread 0x00000209a5422b80 Exception <a 'java/io/IOException'{0x000000008902fd98}: Connection reset by peer> (0x000000008902fd98) 
thrown [s\open\src\hotspot\share\prims\jni.cpp, line 538]
Event: 109.100 Thread 0x00000209a5422b80 Exception <a 'java/io/IOException'{0x0000000089033b88}: Connection reset by peer> (0x0000000089033b88) 
thrown [s\open\src\hotspot\share\prims\jni.cpp, line 538]
Event: 109.101 Thread 0x00000209a5422b80 Exception <a 'java/io/IOException'{0x0000000089037868}: Connection reset by peer> (0x0000000089037868) 
thrown [s\open\src\hotspot\share\prims\jni.cpp, line 538]
Event: 109.101 Thread 0x00000209a5422b80 Exception <a 'java/io/IOException'{0x000000008903b5e8}: Connection reset by peer> (0x000000008903b5e8) 
thrown [s\open\src\hotspot\share\prims\jni.cpp, line 538]
Event: 109.102 Thread 0x00000209a5422b80 Exception <a 'java/io/IOException'{0x000000008903f118}: Connection reset by peer> (0x000000008903f118) 
thrown [s\open\src\hotspot\share\prims\jni.cpp, line 538]
Event: 182.550 Thread 0x00000209a5420100 Exception <a 'sun/net/ConnectionResetException'{0x0000000089b90710}: Connection reset> (0x0000000089b90710) 
thrown [s\open\src\hotspot\share\prims\jni.cpp, line 538]

VM Operations (20 events):
Event: 147.390 Executing VM operation: G1CollectForAllocation
Event: 147.395 Executing VM operation: G1CollectForAllocation done
Event: 158.394 Executing VM operation: G1CollectForAllocation
Event: 158.399 Executing VM operation: G1CollectForAllocation done
Event: 167.472 Executing VM operation: Cleanup
Event: 167.472 Executing VM operation: Cleanup done
Event: 168.480 Executing VM operation: Cleanup
Event: 168.481 Executing VM operation: Cleanup done
Event: 168.988 Executing VM operation: G1CollectForAllocation
Event: 168.992 Executing VM operation: G1CollectForAllocation done
Event: 169.038 Executing VM operation: G1PauseRemark
Event: 169.040 Executing VM operation: G1PauseRemark done
Event: 169.057 Executing VM operation: G1PauseCleanup
Event: 169.057 Executing VM operation: G1PauseCleanup done
Event: 173.082 Executing VM operation: Cleanup
Event: 173.082 Executing VM operation: Cleanup done
Event: 177.118 Executing VM operation: G1CollectForAllocation
Event: 177.122 Executing VM operation: G1CollectForAllocation done
Event: 181.146 Executing VM operation: Cleanup
Event: 181.146 Executing VM operation: Cleanup done

Events (20 events):
Event: 169.040 Thread 0x000002099e90fc10 flushing nmethod 0x000002098a4e2090
Event: 169.040 Thread 0x000002099e90fc10 flushing nmethod 0x000002098a4c8710
Event: 169.040 Thread 0x000002099e90fc10 flushing nmethod 0x000002098a44c310
Event: 169.040 Thread 0x000002099e90fc10 flushing nmethod 0x000002098a4a0810
Event: 169.040 Thread 0x000002099e90fc10 flushing nmethod 0x000002098a368f10
Event: 169.040 Thread 0x000002099e90fc10 flushing nmethod 0x000002098a3d0310
Event: 169.040 Thread 0x000002099e90fc10 flushing nmethod 0x000002098a35b890
Event: 169.040 Thread 0x000002099e90fc10 flushing nmethod 0x000002098a35b510
Event: 169.040 Thread 0x000002099e90fc10 flushing nmethod 0x000002098a344290
Event: 169.040 Thread 0x000002099e90fc10 flushing nmethod 0x000002098a27b310
Event: 169.040 Thread 0x000002099e90fc10 flushing nmethod 0x000002098a230690
Event: 169.040 Thread 0x000002099e90fc10 flushing nmethod 0x000002098a1e1210
Event: 169.040 Thread 0x000002099e90fc10 flushing nmethod 0x000002098a205610
Event: 169.040 Thread 0x000002099e90fc10 flushing nmethod 0x000002098a1a4f10
Event: 169.040 Thread 0x000002099e90fc10 flushing nmethod 0x0000020991dea390
Event: 169.040 Thread 0x000002099e90fc10 flushing nmethod 0x000002098a124190
Event: 169.040 Thread 0x000002099e90fc10 flushing nmethod 0x000002098a0d9b90
Event: 169.040 Thread 0x000002099e90fc10 flushing nmethod 0x000002098a0a2710
Event: 169.040 Thread 0x000002099e90fc10 flushing nmethod 0x000002098a0b5390
Event: 169.040 Thread 0x000002099e90fc10 flushing nmethod 0x0000020991d97a90


Dynamic libraries:
0x00007ff6e6630000 - 0x00007ff6e6640000 	C:\Program Files\Java\jdk-20\bin\java.exe
0x00007ffefa3d0000 - 0x00007ffefa5e4000 	C:\WINDOWS\SYSTEM32\ntdll.dll
0x00007ffef93c0000 - 0x00007ffef9482000 	C:\WINDOWS\System32\KERNEL32.DLL
0x00007ffef7cb0000 - 0x00007ffef804c000 	C:\WINDOWS\System32\KERNELBASE.dll
0x00007ffef7960000 - 0x00007ffef7a71000 	C:\WINDOWS\System32\ucrtbase.dll
0x00007ffeb1990000 - 0x00007ffeb19a9000 	C:\Program Files\Java\jdk-20\bin\jli.dll
0x00007ffeeb650000 - 0x00007ffeeb66b000 	C:\Program Files\Java\jdk-20\bin\VCRUNTIME140.dll
0x00007ffef97e0000 - 0x00007ffef988e000 	C:\WINDOWS\System32\ADVAPI32.dll
0x00007ffef81e0000 - 0x00007ffef8287000 	C:\WINDOWS\System32\msvcrt.dll
0x00007ffef9260000 - 0x00007ffef9304000 	C:\WINDOWS\System32\sechost.dll
0x00007ffef8510000 - 0x00007ffef8627000 	C:\WINDOWS\System32\RPCRT4.dll
0x00007ffef9040000 - 0x00007ffef91eb000 	C:\WINDOWS\System32\USER32.dll
0x00007ffef7810000 - 0x00007ffef7836000 	C:\WINDOWS\System32\win32u.dll
0x00007ffee47c0000 - 0x00007ffee4a4e000 	C:\WINDOWS\WinSxS\amd64_microsoft.windows.common-controls_6595b64144ccf1df_6.0.22621.608_none_a9444ca7c10bb01d\COMCTL32.dll
0x00007ffef9890000 - 0x00007ffef98b9000 	C:\WINDOWS\System32\GDI32.dll
0x00007ffef7840000 - 0x00007ffef7953000 	C:\WINDOWS\System32\gdi32full.dll
0x00007ffef8140000 - 0x00007ffef81da000 	C:\WINDOWS\System32\msvcp_win.dll
0x00007ffeeb020000 - 0x00007ffeeb02a000 	C:\WINDOWS\SYSTEM32\VERSION.dll
0x00007ffef8e20000 - 0x00007ffef8e51000 	C:\WINDOWS\System32\IMM32.DLL
0x00007ffeeb640000 - 0x00007ffeeb64c000 	C:\Program Files\Java\jdk-20\bin\vcruntime140_1.dll
0x00007ffeb1900000 - 0x00007ffeb198e000 	C:\Program Files\Java\jdk-20\bin\msvcp140.dll
0x00007ffe84e50000 - 0x00007ffe85ae7000 	C:\Program Files\Java\jdk-20\bin\server\jvm.dll
0x00007ffee39e0000 - 0x00007ffee39e9000 	C:\WINDOWS\SYSTEM32\WSOCK32.dll
0x00007ffee9c20000 - 0x00007ffee9c54000 	C:\WINDOWS\SYSTEM32\WINMM.dll
0x00007ffef9760000 - 0x00007ffef97d1000 	C:\WINDOWS\System32\WS2_32.dll
0x00007ffef6860000 - 0x00007ffef6878000 	C:\WINDOWS\SYSTEM32\kernel.appcore.dll
0x00007ffed3840000 - 0x00007ffed384a000 	C:\Program Files\Java\jdk-20\bin\jimage.dll
0x00007ffef5200000 - 0x00007ffef542e000 	C:\WINDOWS\SYSTEM32\DBGHELP.DLL
0x00007ffef9d40000 - 0x00007ffefa0c9000 	C:\WINDOWS\System32\combase.dll
0x00007ffef8430000 - 0x00007ffef8507000 	C:\WINDOWS\System32\OLEAUT32.dll
0x00007ffeebc70000 - 0x00007ffeebca2000 	C:\WINDOWS\SYSTEM32\dbgcore.DLL
0x00007ffef8050000 - 0x00007ffef80cb000 	C:\WINDOWS\System32\bcryptPrimitives.dll
0x00007ffef4500000 - 0x00007ffef450e000 	C:\Program Files\Java\jdk-20\bin\instrument.dll
0x00007ffeb18d0000 - 0x00007ffeb18f6000 	C:\Program Files\Java\jdk-20\bin\java.dll
0x00007ffeb17f0000 - 0x00007ffeb18c7000 	C:\Program Files\Java\jdk-20\bin\jsvml.dll
0x00007ffef8630000 - 0x00007ffef8e20000 	C:\WINDOWS\System32\SHELL32.dll
0x00007ffef5820000 - 0x00007ffef60ed000 	C:\WINDOWS\SYSTEM32\windows.storage.dll
0x00007ffef56e0000 - 0x00007ffef581e000 	C:\WINDOWS\SYSTEM32\wintypes.dll
0x00007ffef8290000 - 0x00007ffef8381000 	C:\WINDOWS\System32\SHCORE.dll
0x00007ffef91f0000 - 0x00007ffef924e000 	C:\WINDOWS\System32\shlwapi.dll
0x00007ffef7740000 - 0x00007ffef7761000 	C:\WINDOWS\SYSTEM32\profapi.dll
0x00007ffeb1790000 - 0x00007ffeb17a8000 	C:\Program Files\Java\jdk-20\bin\zip.dll
0x00007ffeb17d0000 - 0x00007ffeb17e3000 	C:\Program Files\Java\jdk-20\bin\net.dll
0x00007ffeeaee0000 - 0x00007ffeeb017000 	C:\WINDOWS\SYSTEM32\WINHTTP.dll
0x00007ffef6d70000 - 0x00007ffef6dd9000 	C:\WINDOWS\system32\mswsock.dll
0x00007ffeb17b0000 - 0x00007ffeb17c6000 	C:\Program Files\Java\jdk-20\bin\nio.dll
0x00007ffef29c0000 - 0x00007ffef29da000 	C:\Program Files\JetBrains\IntelliJ IDEA Community Edition 2022.3.3\bin\breakgen64.dll
0x00007ffed3220000 - 0x00007ffed3227000 	C:\Program Files\Java\jdk-20\bin\extnet.dll
0x00007ffecd440000 - 0x00007ffecd450000 	C:\Program Files\Java\jdk-20\bin\verify.dll
0x00007ffef7030000 - 0x00007ffef704b000 	C:\WINDOWS\SYSTEM32\CRYPTSP.dll
0x00007ffef67d0000 - 0x00007ffef6805000 	C:\WINDOWS\system32\rsaenh.dll
0x00007ffef6ec0000 - 0x00007ffef6ee8000 	C:\WINDOWS\SYSTEM32\USERENV.dll
0x00007ffef71e0000 - 0x00007ffef7208000 	C:\WINDOWS\SYSTEM32\bcrypt.dll
0x00007ffef7020000 - 0x00007ffef702c000 	C:\WINDOWS\SYSTEM32\CRYPTBASE.dll
0x00007ffef6340000 - 0x00007ffef636d000 	C:\WINDOWS\SYSTEM32\IPHLPAPI.DLL
0x00007ffef9020000 - 0x00007ffef9029000 	C:\WINDOWS\System32\NSI.dll
0x00007ffee99a0000 - 0x00007ffee99b9000 	C:\WINDOWS\SYSTEM32\dhcpcsvc6.DLL
0x00007ffee9930000 - 0x00007ffee994f000 	C:\WINDOWS\SYSTEM32\dhcpcsvc.DLL
0x00007ffef63b0000 - 0x00007ffef64a3000 	C:\WINDOWS\SYSTEM32\DNSAPI.dll
0x00007ffef29b0000 - 0x00007ffef29be000 	C:\Program Files\Java\jdk-20\bin\sunmscapi.dll
0x00007ffef7b40000 - 0x00007ffef7ca6000 	C:\WINDOWS\System32\CRYPT32.dll
0x00007ffef71b0000 - 0x00007ffef71de000 	C:\WINDOWS\SYSTEM32\ncrypt.dll
0x00007ffef7170000 - 0x00007ffef71a7000 	C:\WINDOWS\SYSTEM32\NTASN1.dll
0x00007ffef4440000 - 0x00007ffef444a000 	C:\Program Files\Java\jdk-20\bin\management.dll
0x00007ffef4360000 - 0x00007ffef436b000 	C:\Program Files\Java\jdk-20\bin\management_ext.dll
0x00007ffef9250000 - 0x00007ffef9258000 	C:\WINDOWS\System32\PSAPI.DLL
0x00007ffee8050000 - 0x00007ffee8058000 	C:\WINDOWS\system32\wshunix.dll
0x00007ffee7ee0000 - 0x00007ffee7eea000 	C:\Windows\System32\rasadhlp.dll
0x00007ffee8de0000 - 0x00007ffee8e63000 	C:\WINDOWS\System32\fwpuclnt.dll

dbghelp: loaded successfully - version: 4.0.5 - missing functions: none
symbol engine: initialized successfully - sym options: 0x614 - pdb path: .;C:\Program Files\Java\jdk-20\bin;C:\WINDOWS\SYSTEM32;C:\WINDOWS\WinSxS\amd64_microsoft.windows.common-controls_6595b64144ccf1df_6.0.22621.608_none_a9444ca7c10bb01d;C:\Program Files\Java\jdk-20\bin\server;C:\Program Files\JetBrains\IntelliJ IDEA Community Edition 2022.3.3\bin

VM Arguments:
jvm_args: -javaagent:C:\Program Files\JetBrains\IntelliJ IDEA Community Edition 2022.3.3\lib\idea_rt.jar=62714:C:\Program Files\JetBrains\IntelliJ IDEA Community Edition 2022.3.3\bin -Dfile.encoding=UTF-8 -Dsun.stdout.encoding=UTF-8 -Dsun.stderr.encoding=UTF-8 
java_command: server.WebApp
java_class_path (initial): C:\Users\Alex\Documents\GitHub\HospitalPlannerProject\target\classes;C:\Program Files\Java\mail.jar;C:\Program Files\Java\activation.jar;C:\Users\Alex\.m2\repository\org\postgresql\postgresql\42.6.0\postgresql-42.6.0.jar;C:\Users\Alex\.m2\repository\org\checkerframework\checker-qual\3.31.0\checker-qual-3.31.0.jar;C:\Users\Alex\.m2\repository\org\apache\commons\commons-dbcp2\2.9.0\commons-dbcp2-2.9.0.jar;C:\Users\Alex\.m2\repository\org\apache\commons\commons-pool2\2.10.0\commons-pool2-2.10.0.jar;C:\Users\Alex\.m2\repository\commons-logging\commons-logging\1.2\commons-logging-1.2.jar;C:\Users\Alex\.m2\repository\c3p0\c3p0\0.9.1.2\c3p0-0.9.1.2.jar;C:\Users\Alex\.m2\repository\com\zaxxer\HikariCP\5.0.1\HikariCP-5.0.1.jar;C:\Users\Alex\.m2\repository\org\slf4j\slf4j-api\2.0.5\slf4j-api-2.0.5.jar;C:\Users\Alex\.m2\repository\ch\qos\logback\logback-classic\1.4.6\logback-classic-1.4.6.jar;C:\Users\Alex\.m2\repository\ch\qos\logback\logback-core\1.4.6\logback-core-1.4.6.jar;C:\Users\Alex\.m2\repository\org\apache\commons\commons-csv\1.10.0\commons-csv-1.10.0.jar;C:\Users\Alex\.m2\repository\org\springframework\boot\spring-boot-starter\3.0.4\spring-boot-starter-3.0.4.jar;C:\Users\Alex\.m2\repository\org\springframework\boot\spring-boot\3.0.4\spring-boot-3.0.4.jar;C:\Users\Alex\.m2\repository\org\springframework\spring-context\6.0.6\spring-context-6.0.6.jar;C:\Users\Alex\.m2\repository\org\springframework\boot\spring-boot-autoconfigure\3.0.4\spring-boot-autoconfigure-3.0.4.jar;C:\Users\Alex\.m2\repository\org\springframework\boot\spring-boot-starter-logging\3.0.4\spring-boot-starter-logging-3.0.4.jar;C:\Users\Alex\.m2\repository\org\apache\logging\log4j\log4j-to-slf4j\2.19.0\log4j-to-slf4j-2.19.0.jar;C:\Users\Alex\.m2\repository\org\apache\logging\log4j\log4j-api\2.19.0\log4j-api-2.19.0.jar;C:\Users\Alex\.m2\repository\org\slf4j\jul-to-slf4j\2.0.6\jul-to-slf4j-2.0.6.jar;C:\Users\Alex\.m2\repository\jakarta\annotation\jakarta.annotation-api\2.1.1\jakarta.annotation-api-2.1.1.jar;C:\Users\Alex\.m2\repository\org\springframework\spring-core\6.0.6\spring-core-6.0.6.jar;C:\Users\Alex\.m2\repository\org\springframework\spring-jcl\6.0.6\spring-jcl-6.0.6.jar;C:\Users\Alex\.m2\repository\org\yaml\snakeyaml\1.33\snakeyaml-1.33.jar;C:\Users\Alex\.m2\repository\org\springframework\boot\spring-boot-starter-web\3.0.4\spring-boot-starter-web-3.0.4.jar;C:\Users\Alex\.m2\repository\org\springframework\boot\spring-boot-starter-json\3.0.4\spring-boot-starter-json-3.0.4.jar;C:\Users\Alex\.m2\repository\com\fasterxml\jackson\core\jackson-databind\2.14.2\jackson-databind-2.14.2.jar;C:\Users\Alex\.m2\repository\com\fasterxml\jackson\core\jackson-annotations\2.14.2\jackson-annotations-2.14.2.jar;C:\Users\Alex\.m2\repository\com\fasterxml\jackson\core\jackson-core\2.14.2\jackson-core-2.14.2.jar;C:\Users\Alex\.m2\repository\com\fasterxml\jackson\datatype\jackson-datatype-jdk8\2.14.2\jackson-datatype-jdk8-2.14.2.jar;C:\Users\Alex\.m2\repository\com\fasterxml\jackson\datatype\jackson-datatype-jsr310\2.14.2\jackson-datatype-jsr310-2.14.2.jar;C:\Users\Alex\.m2\repository\com\fasterxml\jackson\module\jackson-module-parameter-names\2.14.2\jackson-module-parameter-names-2.14.2.jar;C:\Users\Alex\.m2\repository\org\springframework\boot\spring-boot-starter-tomcat\3.0.4\spring-boot-starter-tomcat-3.0.4.jar;C:\Users\Alex\.m2\repository\org\apache\tomcat\embed\tomcat-embed-core\10.1.5\tomcat-embed-core-10.1.5.jar;C:\Users\Alex\.m2\repository\org\apache\tomcat\embed\tomcat-embed-el\10.1.5\tomcat-embed-el-10.1.5.jar;C:\Users\Alex\.m2\repository\org\apache\tomcat\embed\tomcat-embed-websocket\10.1.5\tomcat-embed-websocket-10.1.5.jar;C:\Users\Alex\.m2\repository\org\springframework\spring-web\6.0.6\spring-web-6.0.6.jar;C:\Users\Alex\.m2\repository\org\springframework\spring-beans\6.0.6\spring-beans-6.0.6.jar;C:\Users\Alex\.m2\repository\io\micrometer\micrometer-observation\1.10.4\micrometer-observation-1.10.4.jar;C:\Users\Alex\.m2\repository\io\micrometer\micrometer-commons\1.10.4\micrometer-commons-1.10.4.jar;C:\Users\Alex\.m2\repository\org\springframework\spring-webmvc\6.0.6\spring-webmvc-6.0.6.jar;C:\Users\Alex\.m2\repository\org\springframework\spring-aop\6.0.6\spring-aop-6.0.6.jar;C:\Users\Alex\.m2\repository\org\springframework\spring-expression\6.0.6\spring-expression-6.0.6.jar;C:\Users\Alex\.m2\repository\org\eclipse\persistence\eclipselink\4.0.1\eclipselink-4.0.1.jar;C:\Users\Alex\.m2\repository\jakarta\persistence\jakarta.persistence-api\3.1.0\jakarta.persistence-api-3.1.0.jar;C:\Users\Alex\.m2\repository\jakarta\xml\bind\jakarta.xml.bind-api\4.0.0\jakarta.xml.bind-api-4.0.0.jar;C:\Users\Alex\.m2\repository\com\sun\xml\bind\jaxb-xjc\4.0.2\jaxb-xjc-4.0.2.jar;C:\Users\Alex\.m2\repository\com\sun\xml\bind\jaxb-core\4.0.2\jaxb-core-4.0.2.jar;C:\Users\Alex\.m2\repository\org\eclipse\angus\angus-activation\2.0.0\angus-activation-2.0.0.jar;C:\Users\Alex\.m2\repository\jakarta\activation\jakarta.activation-api\2.1.1\jakarta.activation-api-2.1.1.jar;C:\Users\Alex\.m2\repository\org\eclipse\persistence\javax.persistence\2.2.1\javax.persistence-2.2.1.jar
Launcher Type: SUN_STANDARD

[Global flags]
     intx CICompilerCount                          = 4                                         {product} {ergonomic}
     uint ConcGCThreads                            = 2                                         {product} {ergonomic}
     uint G1ConcRefinementThreads                  = 8                                         {product} {ergonomic}
   size_t G1HeapRegionSize                         = 1048576                                   {product} {ergonomic}
    uintx GCDrainStackTargetSize                   = 64                                        {product} {ergonomic}
   size_t InitialHeapSize                          = 132120576                                 {product} {ergonomic}
   size_t MarkStackSize                            = 4194304                                   {product} {ergonomic}
   size_t MaxHeapSize                              = 2109734912                                {product} {ergonomic}
   size_t MaxNewSize                               = 1265631232                                {product} {ergonomic}
   size_t MinHeapDeltaBytes                        = 1048576                                   {product} {ergonomic}
   size_t MinHeapSize                              = 8388608                                   {product} {ergonomic}
    uintx NonNMethodCodeHeapSize                   = 5839372                                {pd product} {ergonomic}
    uintx NonProfiledCodeHeapSize                  = 122909434                              {pd product} {ergonomic}
    uintx ProfiledCodeHeapSize                     = 122909434                              {pd product} {ergonomic}
    uintx ReservedCodeCacheSize                    = 251658240                              {pd product} {ergonomic}
     bool SegmentedCodeCache                       = true                                      {product} {ergonomic}
   size_t SoftMaxHeapSize                          = 2109734912                             {manageable} {ergonomic}
     bool UseCompressedClassPointers               = true                           {product lp64_product} {ergonomic}
     bool UseCompressedOops                        = true                           {product lp64_product} {ergonomic}
     bool UseG1GC                                  = true                                      {product} {ergonomic}
     bool UseLargePagesIndividualAllocation        = false                                  {pd product} {ergonomic}

Logging:
Log output configuration:
 #0: stdout all=warning uptime,level,tags foldmultilines=false
 #1: stderr all=off uptime,level,tags foldmultilines=false

Environment Variables:
JAVA_HOME=C:\Program Files\Java\jdk-20
PATH=C:\Program Files\Common Files\Oracle\Java\javapath;C:\Program Files (x86)\Common Files\Oracle\Java\javapath;C:\Windows\system32;C:\Windows;C:\Windows\System32\Wbem;C:\Windows\System32\WindowsPowerShell\v1.0\;C:\Windows\System32\OpenSSH\;C:\Program Files\PuTTY\;C:\WINDOWS\system32;C:\WINDOWS;C:\WINDOWS\System32\Wbem;C:\WINDOWS\System32\WindowsPowerShell\v1.0\;C:\WINDOWS\System32\OpenSSH\;C:\Program Files\dotnet\;C:\Program Files (x86)\Common Files\Acronis\SnapAPI\;C:\Program Files (x86)\NVIDIA Corporation\PhysX\Common;C:\Program Files\Git\cmd;C:\Program Files\apache-maven-3.9.1-bin\bin;C:\Program Files\Java\jdk-20\bin;C:\Program Files\Java\jre1.8.0_361\bin;C:\Program Files\PostgreSQL\15\bin;C:\Users\Alex\AppData\Local\Packages\PythonSoftwareFoundation.Python.3.10_qbz5n2kfra8p0\LocalCache\local-packages\Python310\Scripts;;%SystemRoot%\system32;%SystemRoot%;%SystemRoot%\System32\Wbem;%SYSTEMROOT%\System32\WindowsPowerShell\v1.0\;%SYSTEMROOT%\System32\OpenSSH\;C:\Users\Alex\AppData\Local\Microsoft\WindowsApps;C:\Users\Alex\AppData\Local\Programs\Microsoft VS Code\bin;C:\Users\Alex\.dotnet\tools;C:\iverilog\bin;C:\iverilog\gtkwave\bin;C:\Program Files\JetBrains\IntelliJ IDEA 2021.1\bin;;C:\Program Files\JetBrains\IntelliJ IDEA Community Edition 2022.3.3\bin;;C:\Users\Alex\AppData\Local\GitHubDesktop\bin;C:\Program Files\Java\jre1.8.0_361\bin;C:\Program Files\PostgreSQL\15\bin;C:\Program Files\JetBrains\DataGrip 2023.1.1\bin;;C:\Users\Alex\Documents\Anul 2, semestrul 2\SE\edsim51di\bin;C:\Users\Alex\AppData\Local\Packages\PythonSoftwareFoundation.Python.3.10_qbz5n2kfra8p0\LocalCache\local-packages\Python310\Scripts;;C:\Program Files\JetBrains\PyCharm Community Edition 2023.1.1\bin;
USERNAME=Alex
OS=Windows_NT
PROCESSOR_IDENTIFIER=Intel64 Family 6 Model 142 Stepping 11, GenuineIntel
TMP=C:\Users\Alex\AppData\Local\Temp
TEMP=C:\Users\Alex\AppData\Local\Temp




---------------  S Y S T E M  ---------------

OS:
 Windows 11 , 64 bit Build 22621 (10.0.22621.1485)
OS uptime: 2 days 18:35 hours

CPU: total 8 (initial active 8) (4 cores per cpu, 2 threads per core) family 6 model 142 stepping 11 microcode 0xde, cx8, cmov, fxsr, ht, mmx, 3dnowpref, sse, sse2, sse3, ssse3, sse4.1, sse4.2, popcnt, lzcnt, tsc, tscinvbit, avx, avx2, aes, erms, clmul, bmi1, bmi2, adx, fma, vzeroupper, clflush, clflushopt, rdtscp, f16c

Memory: 4k page, system-wide physical 8043M (164M free)
TotalPageFile size 22757M (AvailPageFile size 0M)
current process WorkingSet (physical memory assigned to process): 220M, peak: 264M
current process commit charge ("private bytes"): 293M, peak: 308M

vm_info: Java HotSpot(TM) 64-Bit Server VM (20+36-2344) for windows-amd64 JRE (20+36-2344), built on 2023-02-10T19:30:15Z by "mach5one" with MS VC++ 17.1 (VS2022)

END.
